<?xml version="1.0" encoding="UTF-8"?>
<!-- Generated by org.testng.reporters.JUnitReportReporter -->
<testsuite skipped="0" hostname="CEPLWRK002" name="qaclickacademy.Maven.APPIUMTest" tests="2" failures="0" timestamp="2022-02-26T15:04:56 IST" time="0.003" errors="0">
  <testcase name="AndroidAppOpen" time="0.003" classname="qaclickacademy.Maven.APPIUMTest"/>
  <system-out/>
  <testcase name="iOSappOpen" time="0.000" classname="qaclickacademy.Maven.APPIUMTest"/>
  <system-out/>
</testsuite> <!-- qaclickacademy.Maven.APPIUMTest -->
