<?xml version="1.0" encoding="UTF-8"?>
<!-- Generated by org.testng.reporters.JUnitReportReporter -->
<testsuite skipped="0" hostname="CEPLWRK002" name="qaclickacademy.Maven.RESTAPITest" tests="2" failures="0" timestamp="2022-02-26T15:04:56 IST" time="0.000" errors="0">
  <testcase name="TweeterDelete" time="0.000" classname="qaclickacademy.Maven.RESTAPITest"/>
  <system-out/>
  <testcase name="JiraBugdelete" time="0.000" classname="qaclickacademy.Maven.RESTAPITest"/>
  <system-out/>
</testsuite> <!-- qaclickacademy.Maven.RESTAPITest -->
