<?xml version="1.0" encoding="UTF-8"?>
<!-- Generated by org.testng.reporters.JUnitReportReporter -->
<testsuite skipped="0" hostname="CEPLWRK002" name="qaclickacademy.Maven.SeleniumTest" tests="2" failures="0" timestamp="2022-02-26T15:04:56 IST" time="0.001" errors="0">
  <testcase name="BrowserAutomate" time="0.001" classname="qaclickacademy.Maven.SeleniumTest"/>
  <system-out/>
  <testcase name="ElementsUI" time="0.000" classname="qaclickacademy.Maven.SeleniumTest"/>
  <system-out/>
</testsuite> <!-- qaclickacademy.Maven.SeleniumTest -->
